<?xml version="1.0" encoding="UTF-8"?>
<!-- Generated by org.testng.reporters.JUnitXMLReporter -->
<testsuite ignored="0" hostname="DESKTOP-C7NDU0E" failures="0" tests="3" name="Default test" time="19.265" errors="0" timestamp="2023-10-06T20:50:40 IST">
  <testcase classname="TestNg.Data_provider" name="facebook" time="8.126"/>
  <testcase classname="TestNg.Data_provider" name="facebook" time="5.503"/>
  <testcase classname="TestNg.Data_provider" name="facebook" time="5.55"/>
</testsuite> <!-- Default test -->
