<?xml version="1.0" encoding="UTF-8"?>
<testng-results ignored="0" total="3" passed="3" failed="0" skipped="0">
  <reporter-output>
  </reporter-output>
  <suite started-at="2023-10-06T20:50:21 IST" name="Default suite" finished-at="2023-10-06T20:50:40 IST" duration-ms="19265">
    <groups>
    </groups>
    <test started-at="2023-10-06T20:50:21 IST" name="Default test" finished-at="2023-10-06T20:50:40 IST" duration-ms="19265">
      <class name="TestNg.Data_provider">
        <test-method signature="facebook(java.lang.String,java.lang.String)[pri:0, instance:TestNg.Data_provider@f736069]" started-at="2023-10-06T20:50:21 IST" name="facebook" data-provider="getdata" finished-at="2023-10-06T20:50:29 IST" duration-ms="8126" status="PASS">
          <params>
            <param index="0">
              <value>
                <![CDATA[Sarath]]>
              </value>
            </param>
            <param index="1">
              <value>
                <![CDATA[!23]]>
              </value>
            </param>
          </params>
          <reporter-output>
          </reporter-output>
        </test-method> <!-- facebook -->
        <test-method signature="facebook(java.lang.String,java.lang.String)[pri:0, instance:TestNg.Data_provider@f736069]" started-at="2023-10-06T20:50:29 IST" name="facebook" data-provider="getdata" finished-at="2023-10-06T20:50:35 IST" duration-ms="5503" status="PASS">
          <params>
            <param index="0">
              <value>
                <![CDATA[Java]]>
              </value>
            </param>
            <param index="1">
              <value>
                <![CDATA[Selenium]]>
              </value>
            </param>
          </params>
          <reporter-output>
          </reporter-output>
        </test-method> <!-- facebook -->
        <test-method signature="facebook(java.lang.String,java.lang.String)[pri:0, instance:TestNg.Data_provider@f736069]" started-at="2023-10-06T20:50:35 IST" name="facebook" data-provider="getdata" finished-at="2023-10-06T20:50:40 IST" duration-ms="5550" status="PASS">
          <params>
            <param index="0">
              <value>
                <![CDATA[Qspider]]>
              </value>
            </param>
            <param index="1">
              <value>
                <![CDATA[Java]]>
              </value>
            </param>
          </params>
          <reporter-output>
          </reporter-output>
        </test-method> <!-- facebook -->
      </class> <!-- TestNg.Data_provider -->
    </test> <!-- Default test -->
  </suite> <!-- Default suite -->
</testng-results>
